L 1 "..\..\Driver\Src\NUC1xx-LB_002\Ascii_Table.C"
Nunsigned char Ascii[]={
N/*   */
N0x00,0x00,0x00,0x00,0x00,0x00,0x00,0x00,0x00,0x00,0x00,0x00,0x00,0x00,0x00,0x00
N,
N/* ! */
N0xF0,0x00,0x00,0x00,0x00,0x00,0x00,0x00,0xCF,0x00,0x00,0x00,0x00,0x00,0x00,0x00,
N/* " */
N0x00,0x00,0x00,0x00,0x00,0x00,0x00,0x00,0xF0,0x00,0x00,0xF0,0x00,0x00,0x00,0x00,
N/* # */
N0x00,0x00,0x00,0xC0,0x30,0xC0,0x30,0x00,0xC8,0x39,0xCF,0x39,0x0F,0x09,0x01,0x00,
N/* $ */
N0xE0,0x10,0x10,0xF8,0x10,0x10,0x60,0x00,0x30,0x41,0x42,0xFF,0x42,0x44,0x38,0x00,
N/* % */
N0xC0,0x20,0x10,0xE0,0x20,0xE0,0x18,0x00,0x01,0xC2,0x31,0x0C,0x73,0x88,0x44,0x38
N,
N/* & */
N0x00,0xE0,0x10,0x10,0xE0,0x00,0x00,0x00,0x78,0x85,0x82,0x8D,0x70,0xA2,0x9E,0x42
N,
N/* ' */
N0x00,0x00,0x00,0x00,0x00,0x00,0x00,0x00,0xF0,0x00,0x00,0x00,0x00,0x00,0x00,0x00
N,
N/* ( */
N0xC0,0x30,0x08,0x04,0x00,0x00,0x00,0x00,0x1F,0x60,0x80,0x00,0x00,0x00,0x00,0x00
N,
N/* ) */
N0x04,0x08,0x30,0xC0,0x00,0x00,0x00,0x00,0x00,0x80,0x60,0x1F,0x00,0x00,0x00,0x00
N,
N/* * */
N0x00,0x00,0x00,0x00,0x00,0x00,0x00,0x00,0x44,0x28,0xFE,0x28,0x44,0x00,0x00,0x00
N,
N/* + */
N0x00,0x00,0x00,0x80,0x00,0x00,0x00,0x00,0x08,0x08,0x08,0xFF,0x08,0x08,0x08,0x00,
N/* , */
N0x00,0x00,0x00,0x00,0x00,0x00,0x00,0x00,0xB0,0x70,0x00,0x00,0x00,0x00,0x00,0x00
N,
N/* - */
N0x00,0x00,0x00,0x00,0x00,0x00,0x00,0x00,0x80,0x80,0x80,0x80,0x00,0x00,0x00,0x00
N,
N/* . */
N0x00,0x00,0x00,0x00,0x00,0x00,0x00,0x00,0xC0,0xC0,0x00,0x00,0x00,0x00,0x00,0x00
N,
N/* / */
N0x00,0x00,0x80,0x70,0x00,0x00,0x00,0x00,0xE0,0x1C,0x03,0x00,0x00,0x00,0x00,0x00
N,
N/* 0 */
N0xC0,0x20,0x10,0x10,0x20,0xC0,0x00,0x00,0x3F,0x40,0x80,0x80,0x40,0x3F,0x00,0x00,
N/* 1 */
N0x20,0xF0,0x00,0x00,0x00,0x00,0x00,0x00,0x80,0xFF,0x80,0x00,0x00,0x00,0x00,0x00,
N/* 2 */
N0x60,0x10,0x10,0x10,0x20,0xC0,0x00,0x00,0xC0,0xA0,0x90,0x88,0x86,0xC1,0x00,0x00
N,
N/* 3 */
N0x20,0x10,0x10,0x10,0xE0,0x00,0x00,0x00,0x80,0x80,0x82,0x83,0x44,0x38,0x00,0x00
N,
N/* 4 */
N0x00,0x00,0x80,0x60,0xF0,0x00,0x00,0x00,0x18,0x16,0x11,0x10,0xFF,0x10,0x00,0x00,
N/* 5 */
N0x00,0xF0,0x10,0x10,0x10,0x10,0x00,0x00,0x80,0x81,0x81,0x81,0x42,0x3C,0x00,0x00
N,
N/* 6 */
N0x80,0x40,0x20,0x10,0x10,0x10,0x00,0x00,0x3F,0x42,0x81,0x81,0x42,0x3C,0x00,0x00
N,
N/* 7 */
N0x70,0x10,0x10,0x10,0x90,0x70,0x00,0x00,0x00,0x00,0xE0,0x1C,0x03,0x00,0x00,0x00
N,
N/* 8 */
N0xC0,0x20,0x10,0x10,0x20,0xC0,0x00,0x00,0x38,0x45,0x82,0x82,0x45,0x38,0x00,0x00
N,
N/* 9 */
N0xC0,0x20,0x10,0x10,0x20,0xC0,0x00,0x00,0x83,0x84,0x88,0x48,0x24,0x1F,0x00,0x00
N,
N/* : */
N0x00,0x00,0x00,0x00,0x00,0x00,0x00,0x00,0xC3,0xC3,0x00,0x00,0x00,0x00,0x00,0x00
N,
N/* ; */
N0xC0,0xC0,0x00,0x00,0x00,0x00,0x00,0x00,0xB0,0x70,0x00,0x00,0x00,0x00,0x00,0x00
N,
N/* < */
N0x00,0x00,0x00,0x00,0x00,0x00,0x00,0x00,0x10,0x28,0x28,0x44,0x44,0x82,0x00,0x00
N,
N/* = */
N0x00,0x00,0x00,0x00,0x00,0x00,0x00,0x00,0x88,0x88,0x88,0x88,0x88,0x88,0x88,0x88
N,
N/* > */
N0x00,0x00,0x00,0x00,0x00,0x00,0x00,0x00,0x82,0x44,0x44,0x28,0x28,0x10,0x00,0x00
N,
N/* ? */
N0xE0,0x10,0x10,0x10,0x20,0xC0,0x00,0x00,0x00,0x00,0xD8,0x06,0x01,0x00,0x00,0x00
N,
N/* @ */
N0xC0,0x20,0x10,0x90,0x90,0x10,0xA0,0xC0,0x3F,0x40,0x8F,0x90,0x90,0x8F,0x50,0x5F,
N/* A */
N0x00,0x00,0x80,0x70,0x80,0x00,0x00,0x00,0x80,0xF0,0x8F,0x08,0x8F,0xF0,0x80,0x00,
N/* B */
N0x10,0xF0,0x10,0x10,0x10,0x20,0xC0,0x00,0x80,0xFF,0x82,0x82,0x82,0x45,0x38,0x00,
N/* C */
N0xC0,0x20,0x10,0x10,0x10,0x20,0x70,0x00,0x3F,0x40,0x80,0x80,0x80,0x80,0x40,0x00
N,
N/* D */
N0x10,0xF0,0x10,0x10,0x10,0x60,0x80,0x00,0x80,0xFF,0x80,0x80,0x80,0x60,0x1F,0x00,
N/* E */
N0x10,0xF0,0x10,0x10,0x10,0x10,0x70,0x00,0x80,0xFF,0x82,0x82,0x82,0x87,0xE0,0x00,
N/* F */
N0x10,0xF0,0x10,0x10,0x10,0x10,0x70,0x00,0x80,0xFF,0x82,0x02,0x02,0x07,0x00,0x00,
N/* G */
N0xC0,0x20,0x10,0x10,0x20,0x70,0x00,0x00,0x3F,0x40,0x80,0x80,0x84,0x7C,0x04,0x00
N,
N/* H */
N0x10,0xF0,0x10,0x00,0x10,0xF0,0x10,0x00,0x80,0xFF,0x82,0x02,0x82,0xFF,0x80,0x00,
N/* I */
N0x10,0xF0,0x10,0x00,0x00,0x00,0x00,0x00,0x80,0xFF,0x80,0x00,0x00,0x00,0x00,0x00,
N/* J */
N0x00,0x00,0x10,0xF0,0x10,0x00,0x00,0x00,0x40,0x80,0x80,0x7F,0x00,0x00,0x00,0x00,
N/* K */
N0x10,0xF0,0x10,0x80,0x50,0x30,0x10,0x00,0x80,0xFF,0x83,0x0C,0xB0,0xC0,0x80,0x00,
N/* L */
N0x10,0xF0,0x10,0x00,0x00,0x00,0x00,0x00,0x80,0xFF,0x80,0x80,0x80,0xC0,0x20,0x00,
N/* M */
N0x10,0xF0,0x80,0x00,0x80,0xF0,0x10,0x00,0x80,0xFF,0x83,0x3C,0x83,0xFF,0x80,0x00,
N/* N */
N0x10,0xF0,0xC0,0x00,0x10,0xF0,0x10,0x00,0x80,0xFF,0x80,0x0F,0x30,0xFF,0x00,0x00,
N/* O */
N0x80,0x60,0x10,0x10,0x10,0x60,0x80,0x00,0x1F,0x60,0x80,0x80,0x80,0x60,0x1F,0x00,
N/* P */
N0x10,0xF0,0x10,0x10,0x10,0x20,0xC0,0x00,0x80,0xFF,0x84,0x04,0x04,0x02,0x01,0x00,
N/* Q */
N0xE0,0x18,0x04,0x04,0x04,0x18,0xE0,0x00,0x07,0x18,0x20,0x20,0x60,0x98,0x87,0x00
N,
N/* R */
N0x10,0xF0,0x10,0x10,0x10,0x20,0xC0,0x00,0x80,0xFF,0x84,0x0C,0x34,0xC2,0x81,0x00,
N/* S */
N0xC0,0x20,0x10,0x10,0x10,0x20,0x70,0x00,0xE0,0x41,0x82,0x82,0x84,0x48,0x30,0x00
N,
N/* T */
N0x30,0x10,0x10,0xF0,0x10,0x10,0x30,0x00,0x00,0x00,0x80,0xFF,0x80,0x00,0x00,0x00,
N/* U */
N0x10,0xF0,0x10,0x00,0x10,0xF0,0x10,0x00,0x00,0x7F,0x80,0x80,0x80,0x7F,0x00,0x00,
N/* V */
N0x10,0xF0,0x10,0x00,0x10,0xF0,0x10,0x00,0x00,0x01,0x1E,0xE0,0x1E,0x01,0x00,0x00,
N/* W */
N0x10,0xF0,0x10,0xC0,0x10,0xF0,0x10,0x00,0x00,0x0F,0xF0,0x0F,0xF0,0x0F,0x00,0x00,
N/* X */
N0x10,0x70,0x90,0x00,0x90,0x70,0x10,0x00,0x80,0xE0,0x99,0x06,0x99,0xE0,0x80,0x00
N,
N/* Y */
N0x10,0x70,0x90,0x00,0x90,0x70,0x10,0x00,0x00,0x00,0x83,0xFC,0x83,0x00,0x00,0x00
N,
N/* Z */
N0x70,0x10,0x10,0x10,0x10,0xD0,0x30,0x00,0xC0,0xB0,0x88,0x86,0x81,0x80,0xE0,0x00
N,
N/* [ */
N0xFC,0x04,0x04,0x00,0x00,0x00,0x00,0x00,0xFF,0x80,0x80,0x00,0x00,0x00,0x00,0x00,
N/* \ */
N0x70,0x80,0x00,0x00,0x00,0x00,0x00,0x00,0x00,0x03,0x1C,0xE0,0x00,0x00,0x00,0x00
N,
N/* ] */
N0x04,0x04,0xFC,0x00,0x00,0x00,0x00,0x00,0x80,0x80,0xFF,0x00,0x00,0x00,0x00,0x00,
N/* ^ */
N0x00,0x00,0x00,0x00,0x00,0x00,0x00,0x00,0x80,0x60,0x18,0x06,0x18,0x60,0x80,0x00
N,
N/* _ */
N0x00,0x00,0x00,0x00,0x00,0x00,0x00,0x00,0x80,0x80,0x80,0x80,0x80,0x80,0x80,0x80
N,
N/* ` */
N0x00,0x00,0x00,0x00,0x00,0x00,0x00,0x00,0x20,0x60,0x40,0x80,0x00,0x00,0x00,0x00
N,
N/* a */
N0x00,0x00,0x00,0x00,0x00,0x00,0x00,0x00,0x66,0x91,0x89,0x49,0xFE,0x80,0x00,0x00
N,
N/* b */
N0x10,0xF0,0x00,0x00,0x00,0x00,0x00,0x00,0x00,0x7F,0x81,0x81,0x42,0x3C,0x00,0x00,
N/* c */
N0x00,0x00,0x00,0x00,0x00,0x00,0x00,0x00,0x3C,0x42,0x81,0x81,0x81,0x42,0x00,0x00
N,
N/* d */
N0x00,0x00,0x00,0x10,0xF0,0x00,0x00,0x00,0x3C,0x42,0x81,0x81,0x7F,0x80,0x00,0x00,
N/* e */
N0x00,0x00,0x00,0x00,0x00,0x00,0x00,0x00,0x3C,0x4A,0x89,0x89,0x8A,0x4C,0x00,0x00
N,
N/* f */
N0x00,0x00,0xE0,0x10,0x10,0x20,0x00,0x00,0x01,0x81,0xFF,0x81,0x01,0x00,0x00,0x00,
N/* g */
N0x80,0x40,0x40,0x40,0x80,0x40,0x00,0x00,0x53,0xAC,0xA4,0xA4,0xA3,0x40,0x00,0x00,
N/* h */
N0x10,0xF0,0x00,0x00,0x00,0x00,0x00,0x00,0x80,0xFF,0x01,0x01,0xFE,0x80,0x00,0x00,
N/* i */
N0x00,0xB0,0x00,0x00,0x00,0x00,0x00,0x00,0x81,0xFF,0x80,0x00,0x00,0x00,0x00,0x00,
N/* j */
N0x00,0x00,0x80,0xCC,0x00,0x00,0x00,0x00,0x40,0x80,0x80,0x7F,0x00,0x00,0x00,0x00
N,
N/* k */
N0x10,0xF0,0x00,0x00,0x00,0x00,0x00,0x00,0x80,0xFF,0x98,0x25,0xC3,0x81,0x00,0x00,
N/* l */
N0x10,0xF0,0x00,0x00,0x00,0x00,0x00,0x00,0x80,0xFF,0x80,0x00,0x00,0x00,0x00,0x00,
N/* m */
N0x00,0x00,0x00,0x00,0x00,0x00,0x00,0x00,0x81,0xFE,0x01,0xFE,0x01,0xFE,0x80,0x00,
N/* n */
N0x00,0x00,0x00,0x00,0x00,0x00,0x00,0x00,0x81,0xFE,0x01,0x01,0xFE,0x80,0x00,0x00,
N/* o */
N0x00,0x00,0x00,0x00,0x00,0x00,0x00,0x00,0x3C,0x42,0x81,0x81,0x42,0x3C,0x00,0x00
N,
N/* p */
N0x40,0x80,0x40,0x40,0x80,0x00,0x00,0x00,0x80,0xFF,0xA0,0x20,0x10,0x0F,0x00,0x00,
N/* q */
N0x00,0x80,0x40,0x40,0x80,0x40,0x00,0x00,0x0F,0x10,0x20,0xA0,0xFF,0x80,0x00,0x00,
N/* r */
N0x00,0x00,0x00,0x00,0x00,0x00,0x00,0x00,0x81,0xFF,0x82,0x01,0x01,0x00,0x00,0x00,
N/* s */
N0x00,0x00,0x00,0x00,0x00,0x00,0x00,0x00,0xE6,0x49,0x89,0x91,0x92,0x67,0x00,0x00
N,
N/* t */
N0x00,0x00,0xC0,0x00,0x00,0x00,0x00,0x00,0x01,0x01,0x7F,0x81,0x81,0x40,0x00,0x00
N,
N/* u */
N0x00,0x00,0x00,0x00,0x00,0x00,0x00,0x00,0x01,0x7F,0x80,0x81,0x7F,0x80,0x00,0x00,
N/* v */
N0x00,0x00,0x00,0x00,0x00,0x00,0x00,0x00,0x01,0x07,0x39,0xC0,0x39,0x07,0x01,0x00
N,
N/* w */
N0x00,0x00,0x00,0x00,0x00,0x00,0x00,0x00,0x01,0x1F,0xE1,0x1C,0xE1,0x1F,0x01,0x00,
N/* x */
N0x00,0x00,0x00,0x00,0x00,0x00,0x00,0x00,0x81,0xE7,0x18,0x18,0xE7,0x81,0x00,0x00
N,
N/* y */
N0x40,0xC0,0x40,0x00,0x40,0xC0,0x40,0x00,0x80,0x81,0x46,0x38,0x06,0x01,0x00,0x00
N,
N/* z */
N0x00,0x00,0x00,0x00,0x00,0x00,0x00,0x00,0xC3,0xA1,0x91,0x89,0x85,0xC3,0x00,0x00
N,
N/* { */
N0x00,0xF0,0x08,0x00,0x00,0x00,0x00,0x00,0x02,0x7D,0x80,0x00,0x00,0x00,0x00,0x00
N,
N/* | */
N0xF0,0x00,0x00,0x00,0x00,0x00,0x00,0x00,0xFF,0x00,0x00,0x00,0x00,0x00,0x00,0x00,
N/* } */
N0x08,0xF0,0x00,0x00,0x00,0x00,0x00,0x00,0x80,0x7D,0x02,0x00,0x00,0x00,0x00,0x00
N,
N/* ~ */
N0x00,0x00,0x00,0x00,0x00,0x00,0x00,0x00,0xC0,0x20,0x20,0x60,0xC0,0x80,0x80,0x60
N};
