Log at : 2020/12/11|22:22:39|GMT+0800

[TypeError: Cannot read property 'C51' of undefined
	at b.getIncString (c:\Users\CH\.vscode\extensions\cl.keil-assistant-1.6.2\dist\extension.js:1:13625)
	at b.<anonymous> (c:\Users\CH\.vscode\extensions\cl.keil-assistant-1.6.2\dist\extension.js:1:10429)
	at Generator.next (<anonymous>)
	at c:\Users\CH\.vscode\extensions\cl.keil-assistant-1.6.2\dist\extension.js:1:4542
	at new Promise (<anonymous>)
	at r (c:\Users\CH\.vscode\extensions\cl.keil-assistant-1.6.2\dist\extension.js:1:4287)
	at b.load (c:\Users\CH\.vscode\extensions\cl.keil-assistant-1.6.2\dist\extension.js:1:10382)
	at x.<anonymous> (c:\Users\CH\.vscode\extensions\cl.keil-assistant-1.6.2\dist\extension.js:1:8182)
	at Generator.next (<anonymous>)
	at a (c:\Users\CH\.vscode\extensions\cl.keil-assistant-1.6.2\dist\extension.js:1:4344)
	at processTicksAndRejections (internal/process/task_queues.js:94:5)]
Log at : 2020/12/11|22:39:49|GMT+0800

[TypeError: Cannot read property 'C51' of undefined
	at b.getIncString (c:\Users\CH\.vscode\extensions\cl.keil-assistant-1.6.2\dist\extension.js:1:13625)
	at b.<anonymous> (c:\Users\CH\.vscode\extensions\cl.keil-assistant-1.6.2\dist\extension.js:1:10429)
	at Generator.next (<anonymous>)
	at c:\Users\CH\.vscode\extensions\cl.keil-assistant-1.6.2\dist\extension.js:1:4542
	at new Promise (<anonymous>)
	at r (c:\Users\CH\.vscode\extensions\cl.keil-assistant-1.6.2\dist\extension.js:1:4287)
	at b.load (c:\Users\CH\.vscode\extensions\cl.keil-assistant-1.6.2\dist\extension.js:1:10382)
	at x.<anonymous> (c:\Users\CH\.vscode\extensions\cl.keil-assistant-1.6.2\dist\extension.js:1:8182)
	at Generator.next (<anonymous>)
	at a (c:\Users\CH\.vscode\extensions\cl.keil-assistant-1.6.2\dist\extension.js:1:4344)
	at processTicksAndRejections (internal/process/task_queues.js:94:5)]
Log at : 2020/12/11|22:43:52|GMT+0800

[TypeError: Cannot read property 'C51' of undefined
	at b.getIncString (c:\Users\CH\.vscode\extensions\cl.keil-assistant-1.6.2\dist\extension.js:1:13625)
	at b.<anonymous> (c:\Users\CH\.vscode\extensions\cl.keil-assistant-1.6.2\dist\extension.js:1:10429)
	at Generator.next (<anonymous>)
	at c:\Users\CH\.vscode\extensions\cl.keil-assistant-1.6.2\dist\extension.js:1:4542
	at new Promise (<anonymous>)
	at r (c:\Users\CH\.vscode\extensions\cl.keil-assistant-1.6.2\dist\extension.js:1:4287)
	at b.load (c:\Users\CH\.vscode\extensions\cl.keil-assistant-1.6.2\dist\extension.js:1:10382)
	at x.<anonymous> (c:\Users\CH\.vscode\extensions\cl.keil-assistant-1.6.2\dist\extension.js:1:8182)
	at Generator.next (<anonymous>)
	at a (c:\Users\CH\.vscode\extensions\cl.keil-assistant-1.6.2\dist\extension.js:1:4344)
	at processTicksAndRejections (internal/process/task_queues.js:94:5)]
[TypeError: Cannot read property 'C51' of undefined
	at b.getIncString (c:\Users\CH\.vscode\extensions\cl.keil-assistant-1.6.2\dist\extension.js:1:13625)
	at b.<anonymous> (c:\Users\CH\.vscode\extensions\cl.keil-assistant-1.6.2\dist\extension.js:1:10429)
	at Generator.next (<anonymous>)
	at c:\Users\CH\.vscode\extensions\cl.keil-assistant-1.6.2\dist\extension.js:1:4542
	at new Promise (<anonymous>)
	at r (c:\Users\CH\.vscode\extensions\cl.keil-assistant-1.6.2\dist\extension.js:1:4287)
	at b.load (c:\Users\CH\.vscode\extensions\cl.keil-assistant-1.6.2\dist\extension.js:1:10382)
	at x.<anonymous> (c:\Users\CH\.vscode\extensions\cl.keil-assistant-1.6.2\dist\extension.js:1:8182)
	at Generator.next (<anonymous>)
	at a (c:\Users\CH\.vscode\extensions\cl.keil-assistant-1.6.2\dist\extension.js:1:4344)
	at runMicrotasks (<anonymous>)
	at processTicksAndRejections (internal/process/task_queues.js:94:5)]
Log at : 2020/12/12|20:45:55|GMT+0800

[TypeError: Cannot read property 'C51' of undefined
	at b.getIncString (c:\Users\CH\.vscode\extensions\cl.keil-assistant-1.6.2\dist\extension.js:1:13625)
	at b.<anonymous> (c:\Users\CH\.vscode\extensions\cl.keil-assistant-1.6.2\dist\extension.js:1:10429)
	at Generator.next (<anonymous>)
	at c:\Users\CH\.vscode\extensions\cl.keil-assistant-1.6.2\dist\extension.js:1:4542
	at new Promise (<anonymous>)
	at r (c:\Users\CH\.vscode\extensions\cl.keil-assistant-1.6.2\dist\extension.js:1:4287)
	at b.load (c:\Users\CH\.vscode\extensions\cl.keil-assistant-1.6.2\dist\extension.js:1:10382)
	at x.<anonymous> (c:\Users\CH\.vscode\extensions\cl.keil-assistant-1.6.2\dist\extension.js:1:8182)
	at Generator.next (<anonymous>)
	at a (c:\Users\CH\.vscode\extensions\cl.keil-assistant-1.6.2\dist\extension.js:1:4344)
	at processTicksAndRejections (internal/process/task_queues.js:94:5)]
Log at : 2020/12/12|21:18:17|GMT+0800

[TypeError: Cannot read property 'C51' of undefined
	at b.getIncString (c:\Users\CH\.vscode\extensions\cl.keil-assistant-1.6.2\dist\extension.js:1:13625)
	at b.<anonymous> (c:\Users\CH\.vscode\extensions\cl.keil-assistant-1.6.2\dist\extension.js:1:10429)
	at Generator.next (<anonymous>)
	at c:\Users\CH\.vscode\extensions\cl.keil-assistant-1.6.2\dist\extension.js:1:4542
	at new Promise (<anonymous>)
	at r (c:\Users\CH\.vscode\extensions\cl.keil-assistant-1.6.2\dist\extension.js:1:4287)
	at b.load (c:\Users\CH\.vscode\extensions\cl.keil-assistant-1.6.2\dist\extension.js:1:10382)
	at x.<anonymous> (c:\Users\CH\.vscode\extensions\cl.keil-assistant-1.6.2\dist\extension.js:1:8182)
	at Generator.next (<anonymous>)
	at a (c:\Users\CH\.vscode\extensions\cl.keil-assistant-1.6.2\dist\extension.js:1:4344)
	at processTicksAndRejections (internal/process/task_queues.js:94:5)]
Log at : 2020/12/14|20:40:06|GMT+0800

[TypeError: Cannot read property 'C51' of undefined
	at b.getIncString (c:\Users\CH\.vscode\extensions\cl.keil-assistant-1.6.2\dist\extension.js:1:13625)
	at b.<anonymous> (c:\Users\CH\.vscode\extensions\cl.keil-assistant-1.6.2\dist\extension.js:1:10429)
	at Generator.next (<anonymous>)
	at c:\Users\CH\.vscode\extensions\cl.keil-assistant-1.6.2\dist\extension.js:1:4542
	at new Promise (<anonymous>)
	at r (c:\Users\CH\.vscode\extensions\cl.keil-assistant-1.6.2\dist\extension.js:1:4287)
	at b.load (c:\Users\CH\.vscode\extensions\cl.keil-assistant-1.6.2\dist\extension.js:1:10382)
	at x.<anonymous> (c:\Users\CH\.vscode\extensions\cl.keil-assistant-1.6.2\dist\extension.js:1:8182)
	at Generator.next (<anonymous>)
	at a (c:\Users\CH\.vscode\extensions\cl.keil-assistant-1.6.2\dist\extension.js:1:4344)
	at processTicksAndRejections (internal/process/task_queues.js:94:5)]
[TypeError: Cannot read property 'C51' of undefined
	at b.getIncString (c:\Users\CH\.vscode\extensions\cl.keil-assistant-1.6.2\dist\extension.js:1:13625)
	at b.<anonymous> (c:\Users\CH\.vscode\extensions\cl.keil-assistant-1.6.2\dist\extension.js:1:10429)
	at Generator.next (<anonymous>)
	at c:\Users\CH\.vscode\extensions\cl.keil-assistant-1.6.2\dist\extension.js:1:4542
	at new Promise (<anonymous>)
	at r (c:\Users\CH\.vscode\extensions\cl.keil-assistant-1.6.2\dist\extension.js:1:4287)
	at b.load (c:\Users\CH\.vscode\extensions\cl.keil-assistant-1.6.2\dist\extension.js:1:10382)
	at x.<anonymous> (c:\Users\CH\.vscode\extensions\cl.keil-assistant-1.6.2\dist\extension.js:1:8182)
	at Generator.next (<anonymous>)
	at a (c:\Users\CH\.vscode\extensions\cl.keil-assistant-1.6.2\dist\extension.js:1:4344)
	at processTicksAndRejections (internal/process/task_queues.js:94:5)]
Log at : 2020/12/14|21:02:11|GMT+0800

[TypeError: Cannot read property 'C51' of undefined
	at b.getIncString (c:\Users\CH\.vscode\extensions\cl.keil-assistant-1.6.2\dist\extension.js:1:13625)
	at b.<anonymous> (c:\Users\CH\.vscode\extensions\cl.keil-assistant-1.6.2\dist\extension.js:1:10429)
	at Generator.next (<anonymous>)
	at c:\Users\CH\.vscode\extensions\cl.keil-assistant-1.6.2\dist\extension.js:1:4542
	at new Promise (<anonymous>)
	at r (c:\Users\CH\.vscode\extensions\cl.keil-assistant-1.6.2\dist\extension.js:1:4287)
	at b.load (c:\Users\CH\.vscode\extensions\cl.keil-assistant-1.6.2\dist\extension.js:1:10382)
	at x.<anonymous> (c:\Users\CH\.vscode\extensions\cl.keil-assistant-1.6.2\dist\extension.js:1:8182)
	at Generator.next (<anonymous>)
	at a (c:\Users\CH\.vscode\extensions\cl.keil-assistant-1.6.2\dist\extension.js:1:4344)
	at processTicksAndRejections (internal/process/task_queues.js:94:5)]
[TypeError: Cannot read property 'C51' of undefined
	at b.getIncString (c:\Users\CH\.vscode\extensions\cl.keil-assistant-1.6.2\dist\extension.js:1:13625)
	at b.<anonymous> (c:\Users\CH\.vscode\extensions\cl.keil-assistant-1.6.2\dist\extension.js:1:10429)
	at Generator.next (<anonymous>)
	at c:\Users\CH\.vscode\extensions\cl.keil-assistant-1.6.2\dist\extension.js:1:4542
	at new Promise (<anonymous>)
	at r (c:\Users\CH\.vscode\extensions\cl.keil-assistant-1.6.2\dist\extension.js:1:4287)
	at b.load (c:\Users\CH\.vscode\extensions\cl.keil-assistant-1.6.2\dist\extension.js:1:10382)
	at x.<anonymous> (c:\Users\CH\.vscode\extensions\cl.keil-assistant-1.6.2\dist\extension.js:1:8182)
	at Generator.next (<anonymous>)
	at a (c:\Users\CH\.vscode\extensions\cl.keil-assistant-1.6.2\dist\extension.js:1:4344)]
[TypeError: Cannot read property 'C51' of undefined
	at b.getIncString (c:\Users\CH\.vscode\extensions\cl.keil-assistant-1.6.2\dist\extension.js:1:13625)
	at b.<anonymous> (c:\Users\CH\.vscode\extensions\cl.keil-assistant-1.6.2\dist\extension.js:1:10429)
	at Generator.next (<anonymous>)
	at c:\Users\CH\.vscode\extensions\cl.keil-assistant-1.6.2\dist\extension.js:1:4542
	at new Promise (<anonymous>)
	at r (c:\Users\CH\.vscode\extensions\cl.keil-assistant-1.6.2\dist\extension.js:1:4287)
	at b.load (c:\Users\CH\.vscode\extensions\cl.keil-assistant-1.6.2\dist\extension.js:1:10382)
	at x.<anonymous> (c:\Users\CH\.vscode\extensions\cl.keil-assistant-1.6.2\dist\extension.js:1:8182)
	at Generator.next (<anonymous>)
	at a (c:\Users\CH\.vscode\extensions\cl.keil-assistant-1.6.2\dist\extension.js:1:4344)
	at runMicrotasks (<anonymous>)
	at processTicksAndRejections (internal/process/task_queues.js:94:5)]
[TypeError: Cannot read property 'C51' of undefined
	at b.getIncString (c:\Users\CH\.vscode\extensions\cl.keil-assistant-1.6.2\dist\extension.js:1:13625)
	at b.<anonymous> (c:\Users\CH\.vscode\extensions\cl.keil-assistant-1.6.2\dist\extension.js:1:10429)
	at Generator.next (<anonymous>)
	at c:\Users\CH\.vscode\extensions\cl.keil-assistant-1.6.2\dist\extension.js:1:4542
	at new Promise (<anonymous>)
	at r (c:\Users\CH\.vscode\extensions\cl.keil-assistant-1.6.2\dist\extension.js:1:4287)
	at b.load (c:\Users\CH\.vscode\extensions\cl.keil-assistant-1.6.2\dist\extension.js:1:10382)
	at x.<anonymous> (c:\Users\CH\.vscode\extensions\cl.keil-assistant-1.6.2\dist\extension.js:1:8182)
	at Generator.next (<anonymous>)
	at a (c:\Users\CH\.vscode\extensions\cl.keil-assistant-1.6.2\dist\extension.js:1:4344)
	at runMicrotasks (<anonymous>)
	at processTicksAndRejections (internal/process/task_queues.js:94:5)]
[TypeError: Cannot read property 'C51' of undefined
	at b.getIncString (c:\Users\CH\.vscode\extensions\cl.keil-assistant-1.6.2\dist\extension.js:1:13625)
	at b.<anonymous> (c:\Users\CH\.vscode\extensions\cl.keil-assistant-1.6.2\dist\extension.js:1:10429)
	at Generator.next (<anonymous>)
	at c:\Users\CH\.vscode\extensions\cl.keil-assistant-1.6.2\dist\extension.js:1:4542
	at new Promise (<anonymous>)
	at r (c:\Users\CH\.vscode\extensions\cl.keil-assistant-1.6.2\dist\extension.js:1:4287)
	at b.load (c:\Users\CH\.vscode\extensions\cl.keil-assistant-1.6.2\dist\extension.js:1:10382)
	at x.<anonymous> (c:\Users\CH\.vscode\extensions\cl.keil-assistant-1.6.2\dist\extension.js:1:8182)
	at Generator.next (<anonymous>)
	at a (c:\Users\CH\.vscode\extensions\cl.keil-assistant-1.6.2\dist\extension.js:1:4344)
	at runMicrotasks (<anonymous>)
	at processTicksAndRejections (internal/process/task_queues.js:94:5)]
[TypeError: Cannot read property 'C51' of undefined
	at b.getIncString (c:\Users\CH\.vscode\extensions\cl.keil-assistant-1.6.2\dist\extension.js:1:13625)
	at b.<anonymous> (c:\Users\CH\.vscode\extensions\cl.keil-assistant-1.6.2\dist\extension.js:1:10429)
	at Generator.next (<anonymous>)
	at c:\Users\CH\.vscode\extensions\cl.keil-assistant-1.6.2\dist\extension.js:1:4542
	at new Promise (<anonymous>)
	at r (c:\Users\CH\.vscode\extensions\cl.keil-assistant-1.6.2\dist\extension.js:1:4287)
	at b.load (c:\Users\CH\.vscode\extensions\cl.keil-assistant-1.6.2\dist\extension.js:1:10382)
	at x.<anonymous> (c:\Users\CH\.vscode\extensions\cl.keil-assistant-1.6.2\dist\extension.js:1:8182)
	at Generator.next (<anonymous>)
	at a (c:\Users\CH\.vscode\extensions\cl.keil-assistant-1.6.2\dist\extension.js:1:4344)
	at runMicrotasks (<anonymous>)
	at processTicksAndRejections (internal/process/task_queues.js:94:5)]
[TypeError: Cannot read property 'C51' of undefined
	at b.getIncString (c:\Users\CH\.vscode\extensions\cl.keil-assistant-1.6.2\dist\extension.js:1:13625)
	at b.<anonymous> (c:\Users\CH\.vscode\extensions\cl.keil-assistant-1.6.2\dist\extension.js:1:10429)
	at Generator.next (<anonymous>)
	at c:\Users\CH\.vscode\extensions\cl.keil-assistant-1.6.2\dist\extension.js:1:4542
	at new Promise (<anonymous>)
	at r (c:\Users\CH\.vscode\extensions\cl.keil-assistant-1.6.2\dist\extension.js:1:4287)
	at b.load (c:\Users\CH\.vscode\extensions\cl.keil-assistant-1.6.2\dist\extension.js:1:10382)
	at x.<anonymous> (c:\Users\CH\.vscode\extensions\cl.keil-assistant-1.6.2\dist\extension.js:1:8182)
	at Generator.next (<anonymous>)
	at a (c:\Users\CH\.vscode\extensions\cl.keil-assistant-1.6.2\dist\extension.js:1:4344)
	at runMicrotasks (<anonymous>)
	at processTicksAndRejections (internal/process/task_queues.js:94:5)]
Log at : 2020/12/16|17:16:25|GMT+0800

[TypeError: Cannot read property 'C51' of undefined
	at b.getIncString (c:\Users\CH\.vscode\extensions\cl.keil-assistant-1.6.2\dist\extension.js:1:13625)
	at b.<anonymous> (c:\Users\CH\.vscode\extensions\cl.keil-assistant-1.6.2\dist\extension.js:1:10429)
	at Generator.next (<anonymous>)
	at c:\Users\CH\.vscode\extensions\cl.keil-assistant-1.6.2\dist\extension.js:1:4542
	at new Promise (<anonymous>)
	at r (c:\Users\CH\.vscode\extensions\cl.keil-assistant-1.6.2\dist\extension.js:1:4287)
	at b.load (c:\Users\CH\.vscode\extensions\cl.keil-assistant-1.6.2\dist\extension.js:1:10382)
	at x.<anonymous> (c:\Users\CH\.vscode\extensions\cl.keil-assistant-1.6.2\dist\extension.js:1:8182)
	at Generator.next (<anonymous>)
	at a (c:\Users\CH\.vscode\extensions\cl.keil-assistant-1.6.2\dist\extension.js:1:4344)
	at processTicksAndRejections (internal/process/task_queues.js:94:5)]
[TypeError: Cannot read property 'C51' of undefined
	at b.getIncString (c:\Users\CH\.vscode\extensions\cl.keil-assistant-1.6.2\dist\extension.js:1:13625)
	at b.<anonymous> (c:\Users\CH\.vscode\extensions\cl.keil-assistant-1.6.2\dist\extension.js:1:10429)
	at Generator.next (<anonymous>)
	at c:\Users\CH\.vscode\extensions\cl.keil-assistant-1.6.2\dist\extension.js:1:4542
	at new Promise (<anonymous>)
	at r (c:\Users\CH\.vscode\extensions\cl.keil-assistant-1.6.2\dist\extension.js:1:4287)
	at b.load (c:\Users\CH\.vscode\extensions\cl.keil-assistant-1.6.2\dist\extension.js:1:10382)
	at x.<anonymous> (c:\Users\CH\.vscode\extensions\cl.keil-assistant-1.6.2\dist\extension.js:1:8182)
	at Generator.next (<anonymous>)
	at a (c:\Users\CH\.vscode\extensions\cl.keil-assistant-1.6.2\dist\extension.js:1:4344)
	at processTicksAndRejections (internal/process/task_queues.js:94:5)]
